{"name": "Login as User then start and End Session", "status": "broken", "statusDetails": {"message": "selenium.common.exceptions.NoSuchElementException: Message: no such element: Unable to locate element: {\"method\":\"xpath\",\"selector\":\"//input[@id='username']\"}\n  (Session info: chrome=94.0.4606.61)\nStacktrace:\n#0 0x562c6f5478f3 <unknown>\n#1 0x562c6f02cba8 <unknown>\n#2 0x562c6f0629b5 <unknown>\n#3 0x562c6f095104 <unknown>\n#4 0x562c6f07fe9d <unknown>\n#5 0x562c6f092dac <unknown>\n#6 0x562c6f07fd63 <unknown>\n#7 0x562c6f056144 <unknown>\n#8 0x562c6f057135 <unknown>\n#9 0x562c6f576c3e <unknown>\n#10 0x562c6f58c6b7 <unknown>\n#11 0x562c6f577b95 <unknown>\n#12 0x562c6f58db05 <unknown>\n#13 0x562c6f56c2ab <unknown>\n#14 0x562c6f5a8248 <unknown>\n#15 0x562c6f5a83c8 <unknown>\n#16 0x562c6f5c333d <unknown>\n#17 0x7f8464382609 start_thread\n\n", "trace": "  File \"C:\\Users\\arun\\PycharmProjects\\WizklubFuturz\\venv\\Lib\\site-packages\\behave\\model.py\", line 1329, in run\n    match.run(runner.context)\n  File \"C:\\Users\\arun\\PycharmProjects\\WizklubFuturz\\venv\\Lib\\site-packages\\behave\\matchers.py\", line 98, in run\n    self.func(context, *args, **kwargs)\n  File \"features\\steps\\RegularScenario.py\", line 91, in user_login\n    login.credential(login_locators.input_username, uname)\n  File \"C:\\Users\\arun\\OneDrive\\Desktop\\WizklubFuturz\\pages\\login_page.py\", line 18, in credential\n    self.driver.find_element(list(input_username.keys())[0], list(input_username.values())[0]).send_keys(username)\n    ^^^^^^^^^^^^^^^^^^^^^^^^^^^^^^^^^^^^^^^^^^^^^^^^^^^^^^^^^^^^^^^^^^^^^^^^^^^^^^^^^^^^^^^^^^\n  File \"C:\\Users\\arun\\PycharmProjects\\WizklubFuturz\\venv\\Lib\\site-packages\\selenium\\webdriver\\remote\\webdriver.py\", line 831, in find_element\n    return self.execute(Command.FIND_ELEMENT, {\"using\": by, \"value\": value})[\"value\"]\n           ^^^^^^^^^^^^^^^^^^^^^^^^^^^^^^^^^^^^^^^^^^^^^^^^^^^^^^^^^^^^^^^^^\n  File \"C:\\Users\\arun\\PycharmProjects\\WizklubFuturz\\venv\\Lib\\site-packages\\selenium\\webdriver\\remote\\webdriver.py\", line 440, in execute\n    self.error_handler.check_response(response)\n  File \"C:\\Users\\arun\\PycharmProjects\\WizklubFuturz\\venv\\Lib\\site-packages\\selenium\\webdriver\\remote\\errorhandler.py\", line 245, in check_response\n    raise exception_class(message, screen, stacktrace)\n"}, "steps": [{"name": "Given Reschedule the Batch from Student Username as \"lahey\" and Password as \"Lahey@63259\"", "status": "broken", "statusDetails": {"message": "selenium.common.exceptions.NoSuchElementException: Message: no such element: Unable to locate element: {\"method\":\"xpath\",\"selector\":\"//input[@id='username']\"}\n  (Session info: chrome=94.0.4606.61)\nStacktrace:\n#0 0x562c6f5478f3 <unknown>\n#1 0x562c6f02cba8 <unknown>\n#2 0x562c6f0629b5 <unknown>\n#3 0x562c6f095104 <unknown>\n#4 0x562c6f07fe9d <unknown>\n#5 0x562c6f092dac <unknown>\n#6 0x562c6f07fd63 <unknown>\n#7 0x562c6f056144 <unknown>\n#8 0x562c6f057135 <unknown>\n#9 0x562c6f576c3e <unknown>\n#10 0x562c6f58c6b7 <unknown>\n#11 0x562c6f577b95 <unknown>\n#12 0x562c6f58db05 <unknown>\n#13 0x562c6f56c2ab <unknown>\n#14 0x562c6f5a8248 <unknown>\n#15 0x562c6f5a83c8 <unknown>\n#16 0x562c6f5c333d <unknown>\n#17 0x7f8464382609 start_thread\n\n", "trace": "  File \"C:\\Users\\arun\\PycharmProjects\\WizklubFuturz\\venv\\Lib\\site-packages\\behave\\model.py\", line 1329, in run\n    match.run(runner.context)\n  File \"C:\\Users\\arun\\PycharmProjects\\WizklubFuturz\\venv\\Lib\\site-packages\\behave\\matchers.py\", line 98, in run\n    self.func(context, *args, **kwargs)\n  File \"features\\steps\\RegularScenario.py\", line 91, in user_login\n    login.credential(login_locators.input_username, uname)\n  File \"C:\\Users\\arun\\OneDrive\\Desktop\\WizklubFuturz\\pages\\login_page.py\", line 18, in credential\n    self.driver.find_element(list(input_username.keys())[0], list(input_username.values())[0]).send_keys(username)\n    ^^^^^^^^^^^^^^^^^^^^^^^^^^^^^^^^^^^^^^^^^^^^^^^^^^^^^^^^^^^^^^^^^^^^^^^^^^^^^^^^^^^^^^^^^^\n  File \"C:\\Users\\arun\\PycharmProjects\\WizklubFuturz\\venv\\Lib\\site-packages\\selenium\\webdriver\\remote\\webdriver.py\", line 831, in find_element\n    return self.execute(Command.FIND_ELEMENT, {\"using\": by, \"value\": value})[\"value\"]\n           ^^^^^^^^^^^^^^^^^^^^^^^^^^^^^^^^^^^^^^^^^^^^^^^^^^^^^^^^^^^^^^^^^\n  File \"C:\\Users\\arun\\PycharmProjects\\WizklubFuturz\\venv\\Lib\\site-packages\\selenium\\webdriver\\remote\\webdriver.py\", line 440, in execute\n    self.error_handler.check_response(response)\n  File \"C:\\Users\\arun\\PycharmProjects\\WizklubFuturz\\venv\\Lib\\site-packages\\selenium\\webdriver\\remote\\errorhandler.py\", line 245, in check_response\n    raise exception_class(message, screen, stacktrace)\n"}, "start": 1702986255963, "stop": 1702986257339}, {"name": "When Workouts are Completed", "status": "skipped", "start": 1702986257348, "stop": 1702986257348}, {"name": "Then Feedback is Given", "status": "skipped", "start": 1702986257348, "stop": 1702986257348}], "start": 1702986244480, "stop": 1702986257349, "uuid": "2c15fb81-bb5a-4733-862f-7c82c24f2728", "historyId": "aafa5ddc2c952f516533b67613460d6c", "fullName": "Regular Flow Feature.: Login as User then start and End Session", "labels": [{"name": "severity", "value": "normal"}, {"name": "feature", "value": "Regular Flow Feature."}, {"name": "framework", "value": "behave"}, {"name": "language", "value": "cpython3"}]}